Determining if the include file malloc.h exists passed with the following output:
Change Dir: C:/Users/alex/CLionProjects/pawn-toml/build/CMakeFiles/CMakeTmp

Run Build Command(s):nmake /nologo cmTC_92c37\fast && 	"C:\Program Files (x86)\Microsoft Visual Studio\2019\BuildTools\VC\Tools\MSVC\14.28.29333\bin\HostX86\x86\nmake.exe"  -f CMakeFiles\cmTC_92c37.dir\build.make /nologo -L                  CMakeFiles\cmTC_92c37.dir\build
Building C object CMakeFiles/cmTC_92c37.dir/CheckIncludeFile.c.obj
	C:\PROGRA~2\MICROS~2\2019\BUILDT~1\VC\Tools\MSVC\1428~1.293\bin\Hostx86\x86\cl.exe @C:\PROGRA~1\KMSpico\temp\nm7BA4.tmp
CheckIncludeFile.c
Linking C executable cmTC_92c37.exe
	C:\Users\alex\scoop\apps\clion\2020.3.2-203.7148.70\IDE\bin\cmake\win\bin\cmake.exe -E vs_link_exe --intdir=CMakeFiles\cmTC_92c37.dir --rc=C:\PROGRA~2\WI3CF2~1\10\bin\100183~1.0\x86\rc.exe --mt=C:\PROGRA~2\WI3CF2~1\10\bin\100183~1.0\x86\mt.exe --manifests  -- C:\PROGRA~2\MICROS~2\2019\BUILDT~1\VC\Tools\MSVC\1428~1.293\bin\Hostx86\x86\link.exe /nologo @CMakeFiles\cmTC_92c37.dir\objects1.rsp @C:\PROGRA~1\KMSpico\temp\nm7BD4.tmp



Determining if the include file malloc.h exists passed with the following output:
Change Dir: C:/Users/alex/CLionProjects/pawn-toml/build/CMakeFiles/CMakeTmp

Run Build Command(s):nmake /nologo cmTC_72e0e\fast && 	"C:\Program Files (x86)\Microsoft Visual Studio\2019\BuildTools\VC\Tools\MSVC\14.28.29333\bin\HostX86\x86\nmake.exe"  -f CMakeFiles\cmTC_72e0e.dir\build.make /nologo -L                  CMakeFiles\cmTC_72e0e.dir\build
Building C object CMakeFiles/cmTC_72e0e.dir/CheckIncludeFile.c.obj
	C:\PROGRA~2\MICROS~2\2019\BUILDT~1\VC\Tools\MSVC\1428~1.293\bin\Hostx86\x86\cl.exe @C:\PROGRA~1\KMSpico\temp\nm7F9C.tmp
CheckIncludeFile.c
Linking C executable cmTC_72e0e.exe
	C:\Users\alex\scoop\apps\clion\2020.3.2-203.7148.70\IDE\bin\cmake\win\bin\cmake.exe -E vs_link_exe --intdir=CMakeFiles\cmTC_72e0e.dir --rc=C:\PROGRA~2\WI3CF2~1\10\bin\100183~1.0\x86\rc.exe --mt=C:\PROGRA~2\WI3CF2~1\10\bin\100183~1.0\x86\mt.exe --manifests  -- C:\PROGRA~2\MICROS~2\2019\BUILDT~1\VC\Tools\MSVC\1428~1.293\bin\Hostx86\x86\link.exe /nologo @CMakeFiles\cmTC_72e0e.dir\objects1.rsp @C:\PROGRA~1\KMSpico\temp\nm7FCC.tmp



Determining if the include file stdint.h exists passed with the following output:
Change Dir: C:/Users/alex/CLionProjects/pawn-toml/build/CMakeFiles/CMakeTmp

Run Build Command(s):nmake /nologo cmTC_820aa\fast && 	"C:\Program Files (x86)\Microsoft Visual Studio\2019\BuildTools\VC\Tools\MSVC\14.28.29333\bin\HostX86\x86\nmake.exe"  -f CMakeFiles\cmTC_820aa.dir\build.make /nologo -L                  CMakeFiles\cmTC_820aa.dir\build
Building C object CMakeFiles/cmTC_820aa.dir/CheckIncludeFile.c.obj
	C:\PROGRA~2\MICROS~2\2019\BUILDT~1\VC\Tools\MSVC\1428~1.293\bin\Hostx86\x86\cl.exe @C:\PROGRA~1\KMSpico\temp\nm8103.tmp
CheckIncludeFile.c
Linking C executable cmTC_820aa.exe
	C:\Users\alex\scoop\apps\clion\2020.3.2-203.7148.70\IDE\bin\cmake\win\bin\cmake.exe -E vs_link_exe --intdir=CMakeFiles\cmTC_820aa.dir --rc=C:\PROGRA~2\WI3CF2~1\10\bin\100183~1.0\x86\rc.exe --mt=C:\PROGRA~2\WI3CF2~1\10\bin\100183~1.0\x86\mt.exe --manifests  -- C:\PROGRA~2\MICROS~2\2019\BUILDT~1\VC\Tools\MSVC\1428~1.293\bin\Hostx86\x86\link.exe /nologo @CMakeFiles\cmTC_820aa.dir\objects1.rsp @C:\PROGRA~1\KMSpico\temp\nm8143.tmp



